
> hoc-toan-frontend@1.0.0 dev
> vite


  VITE v6.4.3  ready in 169 ms

  ➜  Local:   http://localhost:5173/
  ➜  Network: use --host to expose
7:32:48 AM [vite] (client) hmr update /src/pages/HomePage.jsx, /src/pages/ExamResultsPage.jsx, /src/pages/PracticeExamPage.jsx, /src/pages/MyExamsPage.jsx, /src/pages/ExamLobbyPage.jsx, /src/pages/SuperAdminPage.jsx, /src/pages/ProfilePage.jsx, /src/pages/ClassManagementPage.jsx, /src/pages/ExamTakePage.jsx, /src/pages/CreateExamPage.jsx, /src/components/PracticeSettingsModal.jsx, /src/components/PublishModal.jsx
7:33:02 AM [vite] (client) hmr update /src/pages/ExamResultsPage.jsx
7:33:09 AM [vite] (client) hmr update /src/pages/ExamResultsPage.jsx
7:33:15 AM [vite] (client) hmr update /src/pages/ExamResultsPage.jsx
7:33:25 AM [vite] (client) hmr update /src/pages/ExamResultsPage.jsx
7:33:43 AM [vite] (client) hmr update /src/pages/ExamResultsPage.jsx
7:34:46 AM [vite] (client) hmr update /src/pages/MyClassesPage.jsx, /src/components/AssignmentPopup.jsx, /src/pages/ClassManagementPage.jsx, /src/pages/ExamTakePage.jsx
7:35:01 AM [vite] (client) hmr update /src/pages/ClassManagementPage.jsx
7:35:06 AM [vite] (client) hmr update /src/pages/ClassManagementPage.jsx
7:35:33 AM [vite] (client) hmr update /src/pages/ClassManagementPage.jsx
7:35:49 AM [vite] (client) hmr update /src/pages/ClassManagementPage.jsx
7:36:03 AM [vite] (client) hmr update /src/pages/ClassManagementPage.jsx
7:36:25 AM [vite] (client) hmr update /src/pages/ClassManagementPage.jsx
7:36:36 AM [vite] (client) hmr update /src/index.css
11:06:44 AM [vite] (client) hmr update /src/pages/ExamTakePage.jsx
11:06:50 AM [vite] (client) hmr update /src/pages/HomePage.jsx, /src/pages/ExamResultsPage.jsx, /src/pages/PracticeExamPage.jsx, /src/pages/MyExamsPage.jsx, /src/pages/ExamLobbyPage.jsx, /src/pages/SuperAdminPage.jsx, /src/pages/ProfilePage.jsx, /src/pages/ClassManagementPage.jsx, /src/pages/ExamTakePage.jsx, /src/pages/CreateExamPage.jsx, /src/components/PracticeSettingsModal.jsx, /src/components/PublishModal.jsx
11:08:02 AM [vite] (client) hmr update /src/pages/ExamResultsPage.jsx
11:08:07 AM [vite] (client) hmr update /src/pages/ExamResultsPage.jsx
11:08:13 AM [vite] (client) hmr update /src/pages/ExamResultsPage.jsx
11:08:23 AM [vite] (client) hmr update /src/pages/ClassManagementPage.jsx
11:08:34 AM [vite] (client) hmr update /src/pages/ClassManagementPage.jsx
11:08:40 AM [vite] (client) hmr update /src/pages/ClassManagementPage.jsx
11:31:52 AM [vite] (client) hmr update /src/pages/ExamResultsPage.jsx
11:31:58 AM [vite] (client) hmr update /src/pages/ExamResultsPage.jsx
11:32:08 AM [vite] (client) hmr update /src/index.css
11:32:25 AM [vite] (client) hmr update /src/pages/ClassManagementPage.jsx
11:32:51 AM [vite] (client) hmr update /src/index.css
11:37:39 AM [vite] (client) hmr update /src/pages/ExamResultsPage.jsx
11:37:45 AM [vite] (client) hmr update /src/pages/ClassManagementPage.jsx
1:55:28 PM [vite] (client) hmr update /src/pages/ExamTakePage.jsx
1:55:43 PM [vite] (client) hmr update /src/pages/ExamTakePage.jsx
1:55:57 PM [vite] (client) hmr update /src/pages/ExamTakePage.jsx
1:56:18 PM [vite] (client) hmr update /src/pages/ExamTakePage.jsx
1:56:27 PM [vite] (client) hmr update /src/pages/ExamTakePage.jsx
1:56:38 PM [vite] (client) hmr update /src/pages/HomePage.jsx, /src/pages/ExamResultsPage.jsx, /src/pages/PracticeExamPage.jsx, /src/pages/MyExamsPage.jsx, /src/pages/ExamLobbyPage.jsx, /src/pages/SuperAdminPage.jsx, /src/pages/ProfilePage.jsx, /src/pages/ClassManagementPage.jsx, /src/pages/ExamTakePage.jsx, /src/pages/CreateExamPage.jsx, /src/components/PracticeSettingsModal.jsx, /src/components/PublishModal.jsx
1:56:50 PM [vite] (client) hmr update /src/pages/HomePage.jsx, /src/pages/ExamResultsPage.jsx, /src/pages/PracticeExamPage.jsx, /src/pages/MyExamsPage.jsx, /src/pages/ExamLobbyPage.jsx, /src/pages/SuperAdminPage.jsx, /src/pages/ProfilePage.jsx, /src/pages/ClassManagementPage.jsx, /src/pages/ExamTakePage.jsx, /src/pages/CreateExamPage.jsx, /src/components/PracticeSettingsModal.jsx, /src/components/PublishModal.jsx
1:57:02 PM [vite] (client) hmr update /src/components/PublishModal.jsx
1:57:08 PM [vite] (client) hmr update /src/components/PublishModal.jsx
1:57:13 PM [vite] (client) hmr update /src/components/PublishModal.jsx
1:57:28 PM [vite] (client) hmr update /src/components/PublishModal.jsx
1:57:38 PM [vite] (client) hmr update /src/pages/ClassManagementPage.jsx
1:57:47 PM [vite] (client) hmr update /src/pages/ClassManagementPage.jsx
1:57:58 PM [vite] (client) hmr update /src/pages/ClassManagementPage.jsx
1:58:10 PM [vite] (client) hmr update /src/pages/MyClassesPage.jsx, /src/components/AssignmentPopup.jsx, /src/pages/ClassManagementPage.jsx, /src/pages/ExamTakePage.jsx
1:59:19 PM [vite] (client) hmr update /src/pages/ExamResultsPage.jsx
1:59:29 PM [vite] (client) hmr update /src/pages/ClassManagementPage.jsx
1:59:36 PM [vite] (client) hmr update /src/pages/ClassManagementPage.jsx
1:59:53 PM [vite] (client) hmr update /src/index.css
2:00:19 PM [vite] (client) hmr update /src/pages/ExamTakePage.jsx
2:08:50 PM [vite] (client) hmr update /src/pages/ExamTakePage.jsx
2:08:56 PM [vite] (client) hmr update /src/pages/ExamTakePage.jsx
2:09:09 PM [vite] (client) hmr update /src/pages/ExamTakePage.jsx
2:09:22 PM [vite] (client) hmr update /src/index.css
2:09:34 PM [vite] (client) hmr update /src/pages/ExamTakePage.jsx
2:11:58 PM [vite] (client) hmr update /src/pages/ExamTakePage.jsx
2:12:07 PM [vite] (client) hmr update /src/pages/ExamTakePage.jsx
2:12:13 PM [vite] (client) hmr update /src/pages/ExamTakePage.jsx
2:12:20 PM [vite] (client) hmr update /src/pages/ExamTakePage.jsx
2:12:31 PM [vite] (client) hmr update /src/pages/ExamTakePage.jsx
2:12:40 PM [vite] (client) hmr update /src/pages/ExamTakePage.jsx
2:12:46 PM [vite] (client) hmr update /src/pages/ExamTakePage.jsx
2:12:54 PM [vite] (client) hmr update /src/pages/ExamTakePage.jsx
2:13:05 PM [vite] (client) hmr update /src/pages/ExamTakePage.jsx
2:13:18 PM [vite] (client) hmr update /src/index.css
2:14:47 PM [vite] (client) hmr update /src/pages/HomePage.jsx, /src/pages/ExamResultsPage.jsx, /src/pages/PracticeExamPage.jsx, /src/pages/MyExamsPage.jsx, /src/pages/ExamLobbyPage.jsx, /src/pages/SuperAdminPage.jsx, /src/pages/ProfilePage.jsx, /src/pages/ClassManagementPage.jsx, /src/pages/ExamTakePage.jsx, /src/pages/CreateExamPage.jsx, /src/components/PracticeSettingsModal.jsx, /src/components/PublishModal.jsx
2:14:54 PM [vite] (client) hmr update /src/pages/ExamTakePage.jsx
2:15:07 PM [vite] (client) hmr update /src/pages/ExamTakePage.jsx
2:15:15 PM [vite] (client) hmr update /src/pages/ExamTakePage.jsx
2:15:23 PM [vite] (client) hmr update /src/pages/ExamTakePage.jsx
2:15:30 PM [vite] (client) hmr update /src/pages/ExamTakePage.jsx
2:17:13 PM [vite] (client) hmr update /src/pages/ExamTakePage.jsx
2:19:41 PM [vite] (client) hmr update /src/pages/ExamTakePage.jsx
2:19:51 PM [vite] (client) hmr update /src/pages/ExamTakePage.jsx
2:20:00 PM [vite] (client) hmr update /src/pages/ExamTakePage.jsx
2:29:37 PM [vite] (client) hmr update /src/pages/ExamTakePage.jsx
2:29:45 PM [vite] (client) hmr update /src/pages/ExamTakePage.jsx
7:34:12 PM [vite] (client) hmr update /src/pages/CreateExamPage.jsx
